#! /usr/bin/vvp
:ivl_version "10.3 (stable)";
:ivl_delay_selection "TYPICAL";
:vpi_time_precision + 0;
:vpi_module "system";
:vpi_module "vhdl_sys";
:vpi_module "v2005_math";
:vpi_module "va_math";
S_0x5613cd96fcf0 .scope module, "addUnit" "addUnit" 2 8;
 .timescale 0 0;
    .port_info 0 /INPUT 8 "DATA1"
    .port_info 1 /INPUT 8 "DATA2"
    .port_info 2 /OUTPUT 8 "RESULT"
o0x7f643a36f018 .functor BUFZ 8, C4<zzzzzzzz>; HiZ drive
v0x5613cd939380_0 .net "DATA1", 7 0, o0x7f643a36f018;  0 drivers
o0x7f643a36f048 .functor BUFZ 8, C4<zzzzzzzz>; HiZ drive
v0x5613cd98f030_0 .net "DATA2", 7 0, o0x7f643a36f048;  0 drivers
v0x5613cd98f110_0 .net "RESULT", 7 0, L_0x5613cd9906e0;  1 drivers
L_0x5613cd9906e0 .delay 8 (2,2,2) L_0x5613cd9906e0/d;
L_0x5613cd9906e0/d .arith/sum 8, o0x7f643a36f018, o0x7f643a36f048;
S_0x5613cd96fec0 .scope module, "andUnit" "andUnit" 2 16;
 .timescale 0 0;
    .port_info 0 /INPUT 8 "DATA1"
    .port_info 1 /INPUT 8 "DATA2"
    .port_info 2 /OUTPUT 8 "RESULT"
o0x7f643a36f138 .functor BUFZ 8, C4<zzzzzzzz>; HiZ drive
o0x7f643a36f168 .functor BUFZ 8, C4<zzzzzzzz>; HiZ drive
L_0x5613cd937bb0/d .functor AND 8, o0x7f643a36f138, o0x7f643a36f168, C4<11111111>, C4<11111111>;
L_0x5613cd937bb0 .delay 8 (1,1,1) L_0x5613cd937bb0/d;
v0x5613cd98f250_0 .net "DATA1", 7 0, o0x7f643a36f138;  0 drivers
v0x5613cd98f330_0 .net "DATA2", 7 0, o0x7f643a36f168;  0 drivers
v0x5613cd98f410_0 .net "RESULT", 7 0, L_0x5613cd937bb0;  1 drivers
S_0x5613cd939030 .scope module, "fwdUnit" "fwdUnit" 2 1;
 .timescale 0 0;
    .port_info 0 /INPUT 8 "DATA2"
    .port_info 1 /OUTPUT 8 "RESULT"
o0x7f643a36f258 .functor BUFZ 8, C4<zzzzzzzz>; HiZ drive
L_0x5613cd990980/d .functor BUFZ 8, o0x7f643a36f258, C4<00000000>, C4<00000000>, C4<00000000>;
L_0x5613cd990980 .delay 8 (1,1,1) L_0x5613cd990980/d;
v0x5613cd98f550_0 .net "DATA2", 7 0, o0x7f643a36f258;  0 drivers
v0x5613cd98f630_0 .net "RESULT", 7 0, L_0x5613cd990980;  1 drivers
S_0x5613cd9391b0 .scope module, "mulUnit" "mulUnit" 2 32;
 .timescale 0 0;
    .port_info 0 /INPUT 8 "DATA1"
    .port_info 1 /INPUT 8 "DATA2"
    .port_info 2 /OUTPUT 16 "RESULT"
v0x5613cd98f7b0_0 .var/s "A", 15 0;
o0x7f643a36f348 .functor BUFZ 8, C4<zzzzzzzz>; HiZ drive
v0x5613cd98f8b0_0 .net/s "DATA1", 7 0, o0x7f643a36f348;  0 drivers
o0x7f643a36f378 .functor BUFZ 8, C4<zzzzzzzz>; HiZ drive
v0x5613cd98f990_0 .net/s "DATA2", 7 0, o0x7f643a36f378;  0 drivers
v0x5613cd98fa50_0 .var/s "P", 16 0;
v0x5613cd98fb30_0 .var/s "RESULT", 15 0;
v0x5613cd98fc60_0 .var/s "S", 15 0;
v0x5613cd98fd40_0 .var/i "i", 31 0;
E_0x5613cd970bc0/0 .event edge, v0x5613cd98f8b0_0, v0x5613cd98f990_0, v0x5613cd98fd40_0, v0x5613cd98fa50_0;
E_0x5613cd970bc0/1 .event edge, v0x5613cd98f7b0_0, v0x5613cd98fc60_0;
E_0x5613cd970bc0 .event/or E_0x5613cd970bc0/0, E_0x5613cd970bc0/1;
S_0x5613cd972450 .scope module, "orUnit" "orUnit" 2 24;
 .timescale 0 0;
    .port_info 0 /INPUT 8 "DATA1"
    .port_info 1 /INPUT 8 "DATA2"
    .port_info 2 /OUTPUT 8 "RESULT"
o0x7f643a36f4f8 .functor BUFZ 8, C4<zzzzzzzz>; HiZ drive
o0x7f643a36f528 .functor BUFZ 8, C4<zzzzzzzz>; HiZ drive
L_0x5613cd990af0/d .functor OR 8, o0x7f643a36f4f8, o0x7f643a36f528, C4<00000000>, C4<00000000>;
L_0x5613cd990af0 .delay 8 (1,1,1) L_0x5613cd990af0/d;
v0x5613cd98fea0_0 .net "DATA1", 7 0, o0x7f643a36f4f8;  0 drivers
v0x5613cd98ff80_0 .net "DATA2", 7 0, o0x7f643a36f528;  0 drivers
v0x5613cd990060_0 .net "RESULT", 7 0, L_0x5613cd990af0;  1 drivers
S_0x5613cd972670 .scope module, "shifterUnit" "shifterUnit" 2 68;
 .timescale 0 0;
    .port_info 0 /INPUT 8 "DATA1"
    .port_info 1 /INPUT 8 "DATA2"
    .port_info 2 /OUTPUT 8 "RESULT"
o0x7f643a36f618 .functor BUFZ 8, C4<zzzzzzzz>; HiZ drive
v0x5613cd9901d0_0 .net "DATA1", 7 0, o0x7f643a36f618;  0 drivers
o0x7f643a36f648 .functor BUFZ 8, C4<zzzzzzzz>; HiZ drive
v0x5613cd9902d0_0 .net "DATA2", 7 0, o0x7f643a36f648;  0 drivers
v0x5613cd9903b0_0 .var "RESULT", 7 0;
v0x5613cd990470_0 .var/i "i", 31 0;
v0x5613cd990550_0 .var "sign", 0 0;
E_0x5613cd96efc0/0 .event edge, v0x5613cd9901d0_0, v0x5613cd990470_0, v0x5613cd9902d0_0, v0x5613cd9903b0_0;
E_0x5613cd96efc0/1 .event edge, v0x5613cd990550_0;
E_0x5613cd96efc0 .event/or E_0x5613cd96efc0/0, E_0x5613cd96efc0/1;
    .scope S_0x5613cd9391b0;
T_0 ;
    %wait E_0x5613cd970bc0;
    %load/vec4 v0x5613cd98f8b0_0;
    %concati/vec4 0, 0, 8;
    %store/vec4 v0x5613cd98f7b0_0, 0, 16;
    %load/vec4 v0x5613cd98f8b0_0;
    %inv;
    %pushi/vec4 1, 0, 8;
    %add;
    %concati/vec4 0, 0, 8;
    %store/vec4 v0x5613cd98fc60_0, 0, 16;
    %pushi/vec4 0, 0, 8;
    %load/vec4 v0x5613cd98f990_0;
    %concat/vec4; draw_concat_vec4
    %concati/vec4 0, 0, 1;
    %store/vec4 v0x5613cd98fa50_0, 0, 17;
    %pushi/vec4 0, 0, 32;
    %store/vec4 v0x5613cd98fd40_0, 0, 32;
T_0.0 ;
    %load/vec4 v0x5613cd98fd40_0;
    %cmpi/s 8, 0, 32;
    %jmp/0xz T_0.1, 5;
    %load/vec4 v0x5613cd98fa50_0;
    %parti/s 2, 0, 2;
    %dup/vec4;
    %pushi/vec4 1, 0, 2;
    %cmp/u;
    %jmp/1 T_0.2, 6;
    %dup/vec4;
    %pushi/vec4 2, 0, 2;
    %cmp/u;
    %jmp/1 T_0.3, 6;
    %jmp T_0.5;
T_0.2 ;
    %load/vec4 v0x5613cd98fa50_0;
    %parti/s 16, 1, 2;
    %load/vec4 v0x5613cd98f7b0_0;
    %add;
    %ix/load 4, 1, 0;
    %flag_set/imm 4, 0;
    %store/vec4 v0x5613cd98fa50_0, 4, 16;
    %jmp T_0.5;
T_0.3 ;
    %load/vec4 v0x5613cd98fa50_0;
    %parti/s 16, 1, 2;
    %load/vec4 v0x5613cd98fc60_0;
    %add;
    %ix/load 4, 1, 0;
    %flag_set/imm 4, 0;
    %store/vec4 v0x5613cd98fa50_0, 4, 16;
    %jmp T_0.5;
T_0.5 ;
    %pop/vec4 1;
    %load/vec4 v0x5613cd98fa50_0;
    %parti/s 1, 16, 6;
    %load/vec4 v0x5613cd98fa50_0;
    %parti/s 16, 1, 2;
    %concat/vec4; draw_concat_vec4
    %store/vec4 v0x5613cd98fa50_0, 0, 17;
    %load/vec4 v0x5613cd98fd40_0;
    %addi 1, 0, 32;
    %store/vec4 v0x5613cd98fd40_0, 0, 32;
    %jmp T_0.0;
T_0.1 ;
    %delay 3, 0;
    %load/vec4 v0x5613cd98fa50_0;
    %parti/s 8, 1, 2;
    %pad/u 16;
    %store/vec4 v0x5613cd98fb30_0, 0, 16;
    %jmp T_0;
    .thread T_0, $push;
    .scope S_0x5613cd972670;
T_1 ;
    %wait E_0x5613cd96efc0;
    %load/vec4 v0x5613cd9901d0_0;
    %store/vec4 v0x5613cd9903b0_0, 0, 8;
    %load/vec4 v0x5613cd9901d0_0;
    %parti/s 1, 7, 4;
    %store/vec4 v0x5613cd990550_0, 0, 1;
    %pushi/vec4 0, 0, 32;
    %store/vec4 v0x5613cd990470_0, 0, 32;
T_1.0 ;
    %load/vec4 v0x5613cd990470_0;
    %load/vec4 v0x5613cd9902d0_0;
    %parti/s 4, 0, 2;
    %pad/u 32;
    %cmp/u;
    %jmp/0xz T_1.1, 5;
    %load/vec4 v0x5613cd9902d0_0;
    %parti/s 2, 4, 4;
    %dup/vec4;
    %pushi/vec4 0, 0, 2;
    %cmp/u;
    %jmp/1 T_1.2, 6;
    %dup/vec4;
    %pushi/vec4 1, 0, 2;
    %cmp/u;
    %jmp/1 T_1.3, 6;
    %dup/vec4;
    %pushi/vec4 2, 0, 2;
    %cmp/u;
    %jmp/1 T_1.4, 6;
    %dup/vec4;
    %pushi/vec4 3, 0, 2;
    %cmp/u;
    %jmp/1 T_1.5, 6;
    %jmp T_1.6;
T_1.2 ;
    %load/vec4 v0x5613cd9903b0_0;
    %parti/s 7, 0, 2;
    %concati/vec4 0, 0, 1;
    %store/vec4 v0x5613cd9903b0_0, 0, 8;
    %jmp T_1.6;
T_1.3 ;
    %pushi/vec4 0, 0, 1;
    %load/vec4 v0x5613cd9903b0_0;
    %parti/s 7, 1, 2;
    %concat/vec4; draw_concat_vec4
    %store/vec4 v0x5613cd9903b0_0, 0, 8;
    %jmp T_1.6;
T_1.4 ;
    %load/vec4 v0x5613cd990550_0;
    %load/vec4 v0x5613cd9903b0_0;
    %parti/s 7, 1, 2;
    %concat/vec4; draw_concat_vec4
    %store/vec4 v0x5613cd9903b0_0, 0, 8;
    %jmp T_1.6;
T_1.5 ;
    %load/vec4 v0x5613cd9903b0_0;
    %parti/s 1, 0, 2;
    %load/vec4 v0x5613cd9903b0_0;
    %parti/s 7, 1, 2;
    %concat/vec4; draw_concat_vec4
    %store/vec4 v0x5613cd9903b0_0, 0, 8;
    %jmp T_1.6;
T_1.6 ;
    %pop/vec4 1;
    %load/vec4 v0x5613cd990470_0;
    %addi 1, 0, 32;
    %store/vec4 v0x5613cd990470_0, 0, 32;
    %jmp T_1.0;
T_1.1 ;
    %delay 4, 0;
    %jmp T_1;
    .thread T_1, $push;
# The file index is used to find the file name in the following table.
:file_names 3;
    "N/A";
    "<interactive>";
    "ALU.v";
